<?xml version="1.0" encoding="UTF-8"?><testsuite errors="0" failures="0" name="com.virgingames.currencyinfo.CurrencyTest" skipped="0" tests="3" time="5.25" timestamp="2023-08-17T21:14:32.989+01:00[Europe/London]"><testcase classname="com.virgingames.currencyinfo.CurrencyTest" name="Validate Currency EUR"/><testcase classname="com.virgingames.currencyinfo.CurrencyTest" name="Validate Currency GBP"/><testcase classname="com.virgingames.currencyinfo.CurrencyTest" name="Validate Currency SEK"/></testsuite>